TN:
SF:/Users/yhh/Documents/study/nuxt-app/components/Logo.vue
FN:1,(anonymous_0)
FNF:1
FNH:1
FNDA:1,(anonymous_0)
DA:1,6
LF:1
LH:1
BRF:0
BRH:0
end_of_record
TN:
SF:/Users/yhh/Documents/study/nuxt-app/pages/index.vue
FN:17,(anonymous_1)
FN:18,(anonymous_2)
FN:22,(anonymous_3)
FN:28,(anonymous_4)
FN:31,(anonymous_5)
FN:1,(anonymous_6)
FNF:6
FNH:0
FNDA:0,(anonymous_1)
FNDA:0,(anonymous_2)
FNDA:0,(anonymous_3)
FNDA:0,(anonymous_4)
FNDA:0,(anonymous_5)
FNDA:0,(anonymous_6)
DA:1,0
DA:11,0
DA:12,0
DA:18,0
DA:21,0
DA:24,0
DA:29,0
DA:32,0
LF:8
LH:0
BRF:0
BRH:0
end_of_record
TN:
SF:/Users/yhh/Documents/study/nuxt-app/pages/list.vue
FN:1,(anonymous_1)
FNF:1
FNH:0
FNDA:0,(anonymous_1)
DA:1,0
DA:8,0
LF:2
LH:0
BRF:0
BRH:0
end_of_record
